[0m10:54:33.485316 [debug] [MainThread]: Sending event: {'category': 'dbt', 'action': 'invocation', 'label': 'start', 'context': [<snowplow_tracker.self_describing_json.SelfDescribingJson object at 0x000001570953FD60>, <snowplow_tracker.self_describing_json.SelfDescribingJson object at 0x000001570A5DD2D0>, <snowplow_tracker.self_describing_json.SelfDescribingJson object at 0x000001570C673340>]}


============================== 10:54:33.511672 | dfea539f-5ee3-487c-a8d6-d23d209c3b7c ==============================
[0m10:54:33.511672 [info ] [MainThread]: Running with dbt=1.8.9
[0m10:54:33.515181 [debug] [MainThread]: running dbt with arguments {'printer_width': '80', 'indirect_selection': 'eager', 'log_cache_events': 'False', 'write_json': 'True', 'partial_parse': 'True', 'cache_selected_only': 'False', 'profiles_dir': 'C:\\Users\\BRIOPS9999\\.dbt', 'fail_fast': 'False', 'debug': 'False', 'log_path': 'logs', 'version_check': 'True', 'warn_error': 'None', 'use_colors': 'True', 'use_experimental_parser': 'False', 'empty': 'None', 'quiet': 'False', 'no_print': 'None', 'warn_error_options': 'WarnErrorOptions(include=[], exclude=[])', 'invocation_command': 'dbt init', 'log_format': 'default', 'static_parser': 'True', 'target_path': 'None', 'introspect': 'True', 'send_anonymous_usage_stats': 'True'}
[0m10:54:33.885212 [warn ] [MainThread]: [ConfigFolderDirectory]: Unable to parse logging event dictionary. Failed to parse dir field: expected string or bytes-like object.. Dictionary: {'dir': WindowsPath('C:/Users/BRIOPS9999/.dbt')}
[0m10:54:33.892239 [info ] [MainThread]: Creating dbt configuration folder at 
[0m10:54:43.087411 [debug] [MainThread]: Starter project path: C:\Users\BRIOPS9999\AppData\Local\Programs\Python\Python310\lib\site-packages\dbt\include\starter_project
[0m10:54:43.360199 [info ] [MainThread]: 
Your new dbt project "dibimbing" was created!

For more information on how to configure the profiles.yml file,
please consult the dbt documentation here:

  https://docs.getdbt.com/docs/configure-your-profile

One more thing:

Need help? Don't hesitate to reach out to us via GitHub issues or on Slack:

  https://community.getdbt.com/

Happy modeling!

[0m10:54:43.375924 [info ] [MainThread]: Setting up your profile.
[0m10:56:30.545838 [info ] [MainThread]: Profile dibimbing written to C:\Users\BRIOPS9999\.dbt\profiles.yml using target's profile_template.yml and your supplied values. Run 'dbt debug' to validate the connection.
[0m10:56:30.580015 [debug] [MainThread]: Command `dbt init` succeeded at 10:56:30.580015 after 117.54 seconds
[0m10:56:30.586032 [debug] [MainThread]: Sending event: {'category': 'dbt', 'action': 'invocation', 'label': 'end', 'context': [<snowplow_tracker.self_describing_json.SelfDescribingJson object at 0x000001570953FD60>, <snowplow_tracker.self_describing_json.SelfDescribingJson object at 0x0000015715788220>, <snowplow_tracker.self_describing_json.SelfDescribingJson object at 0x000001570C671570>]}
[0m10:56:30.592027 [debug] [MainThread]: Flushing usage events
